Created by PLY version 3.11 (http://www.dabeaz.com/ply)

Unused terminals:

    CAMBIO
    Tiempo

Grammar

Rule 0     S' -> cambio
Rule 1     cambio -> expression
Rule 2     cambio -> empty
Rule 3     empty -> <empty>
Rule 4     expression -> COLOR

Terminals, with rules where they appear

CAMBIO               : 
COLOR                : 4
Tiempo               : 
error                : 

Nonterminals, with rules where they appear

cambio               : 0
empty                : 2
expression           : 1

Parsing method: LALR

state 0

    (0) S' -> . cambio
    (1) cambio -> . expression
    (2) cambio -> . empty
    (4) expression -> . COLOR
    (3) empty -> .

    COLOR           shift and go to state 4
    $end            reduce using rule 3 (empty -> .)

    cambio                         shift and go to state 1
    expression                     shift and go to state 2
    empty                          shift and go to state 3

state 1

    (0) S' -> cambio .



state 2

    (1) cambio -> expression .

    $end            reduce using rule 1 (cambio -> expression .)


state 3

    (2) cambio -> empty .

    $end            reduce using rule 2 (cambio -> empty .)


state 4

    (4) expression -> COLOR .

    $end            reduce using rule 4 (expression -> COLOR .)

